PRT1
92
206
4 0 19 (304 80 128 ) (304 80 -128 ) (384 80 -128 ) (384 80 128 ) 
4 0 18 (384 80 176 ) (304 80 176 ) (304 80 128 ) (384 80 128 ) 
4 0 2 (304 80 128 ) (304 80 176 ) (304 224 176 ) (304 224 128 ) 
4 0 3 (304 224 -128 ) (304 80 -128 ) (304 80 -16 ) (304 224 -16 ) 
4 0 1 (304 272 176 ) (304 272 -128 ) (304 224 -128 ) (304 224 176 ) 
4 1 4 (288 272 -128 ) (288 224 -128 ) (288 224 176 ) (288 272 176 ) 
4 1 2 (304 224 128 ) (304 224 176 ) (288 224 176 ) (288 224 128 ) 
4 1 3 (304 224 -128 ) (304 224 -16 ) (288 224 -16 ) (288 224 -128 ) 
4 2 18 (304 80 176 ) (288 80 176 ) (288 80 128 ) (304 80 128 ) 
4 2 8 (288 80 128 ) (288 80 176 ) (288 208 176 ) (288 208 128 ) 
4 2 5 (288 208 176 ) (288 224 176 ) (288 224 128 ) (288 208 128 ) 
4 3 20 (288 80 -16 ) (288 80 -128 ) (304 80 -128 ) (304 80 -16 ) 
4 3 15 (288 208 -128 ) (288 80 -128 ) (288 80 -16 ) (288 208 -16 ) 
4 3 6 (288 224 -128 ) (288 208 -128 ) (288 208 -16 ) (288 224 -16 ) 
4 4 5 (64 224 176 ) (64 224 128 ) (288 224 128 ) (288 224 176 ) 
4 4 6 (64 224 -16 ) (64 224 -128 ) (288 224 -128 ) (288 224 -16 ) 
4 4 7 (64 272 176 ) (64 272 -128 ) (64 224 -128 ) (64 224 176 ) 
4 5 11 (232 208 176 ) (64 208 176 ) (64 208 128 ) (232 208 128 ) 
4 5 8 (288 208 128 ) (288 208 176 ) (232 208 176 ) (232 208 128 ) 
4 5 7 (64 208 128 ) (64 208 176 ) (64 224 176 ) (64 224 128 ) 
4 6 16 (64 208 -128 ) (80 208 -128 ) (80 208 -16 ) (64 208 -16 ) 
4 6 15 (80 208 -128 ) (288 208 -128 ) (288 208 -16 ) (80 208 -16 ) 
4 6 7 (64 224 -128 ) (64 208 -128 ) (64 208 -16 ) (64 224 -16 ) 
4 7 31 (0 272 -128 ) (0 208 -128 ) (0 208 176 ) (0 272 176 ) 
4 7 17 (0 208 0 ) (0 208 -128 ) (64 208 -128 ) (64 208 0 ) 
4 7 14 (0 208 128 ) (0 208 0 ) (64 208 0 ) (64 208 128 ) 
4 7 11 (0 208 176 ) (0 208 128 ) (64 208 128 ) (64 208 176 ) 
4 8 18 (232 80 176 ) (232 80 128 ) (288 80 128 ) (288 80 176 ) 
4 8 11 (232 208 176 ) (232 208 128 ) (232 80 128 ) (232 80 176 ) 
4 9 12 (232 208 112 ) (232 208 48 ) (232 80 48 ) (232 80 112 ) 
4 9 10 (232 88 48 ) (232 200 48 ) (280 200 48 ) (280 88 48 ) 
4 11 31 (0 80 128 ) (0 80 176 ) (0 208 176 ) (0 208 128 ) 
4 11 18 (0 80 176 ) (0 80 128 ) (232 80 128 ) (232 80 176 ) 
4 11 14 (0 208 128 ) (64 208 128 ) (64 80 128 ) (0 80 128 ) 
4 12 21 (112 80 96 ) (112 80 48 ) (160 80 48 ) (160 80 96 ) 
4 12 13 (80 80 48 ) (80 208 48 ) (224 208 48 ) (224 80 48 ) 
4 13 21 (112 80 0 ) (160 80 0 ) (160 80 48 ) (112 80 48 ) 
4 14 31 (0 80 0 ) (0 80 128 ) (0 208 128 ) (0 208 0 ) 
4 14 24 (0 80 80 ) (0 80 32 ) (32 80 32 ) (32 80 80 ) 
4 14 17 (0 208 0 ) (64 208 0 ) (64 80 0 ) (0 80 0 ) 
4 15 23 (80 80 -128 ) (112 80 -128 ) (112 80 -16 ) (80 80 -16 ) 
4 15 22 (112 80 -128 ) (160 80 -128 ) (160 80 -16 ) (112 80 -16 ) 
4 15 20 (160 80 -128 ) (288 80 -128 ) (288 80 -16 ) (160 80 -16 ) 
4 15 16 (80 208 -16 ) (80 208 -128 ) (80 80 -128 ) (80 80 -16 ) 
4 16 23 (64 80 -128 ) (80 80 -128 ) (80 80 -16 ) (64 80 -16 ) 
4 16 17 (64 208 -16 ) (64 208 -128 ) (64 80 -128 ) (64 80 -16 ) 
4 17 31 (0 80 -128 ) (0 80 0 ) (0 208 0 ) (0 208 -128 ) 
4 17 25 (0 80 -16 ) (0 80 -128 ) (32 80 -128 ) (32 80 -16 ) 
4 17 23 (32 80 -128 ) (64 80 -128 ) (64 80 -16 ) (32 80 -16 ) 
4 18 32 (0 64 128 ) (0 64 176 ) (0 80 176 ) (0 80 128 ) 
4 18 26 (0 64 176 ) (0 64 128 ) (384 64 128 ) (384 64 176 ) 
4 18 19 (384 64 128 ) (304 64 128 ) (304 80 128 ) (384 80 128 ) 
4 19 30 (304 64 -16 ) (304 64 -128 ) (384 64 -128 ) (384 64 -16 ) 
4 19 27 (384 64 128 ) (304 64 128 ) (304 64 -16 ) (384 64 -16 ) 
4 19 20 (304 80 -128 ) (304 64 -128 ) (304 64 -16 ) (304 80 -16 ) 
4 20 30 (160 64 -16 ) (160 64 -128 ) (304 64 -128 ) (304 64 -16 ) 
4 20 22 (160 64 -128 ) (160 64 -16 ) (160 80 -16 ) (160 80 -128 ) 
4 21 28 (160 64 0 ) (160 64 96 ) (112 64 96 ) (112 64 0 ) 
4 22 30 (160 64 -128 ) (160 64 -16 ) (112 64 -16 ) (112 64 -128 ) 
4 22 23 (112 64 -128 ) (112 64 -16 ) (112 80 -16 ) (112 80 -128 ) 
4 23 30 (112 64 -128 ) (112 64 -16 ) (32 64 -16 ) (32 64 -128 ) 
4 23 25 (32 64 -128 ) (32 64 -16 ) (32 80 -16 ) (32 80 -128 ) 
4 24 33 (0 64 32 ) (0 64 80 ) (0 80 80 ) (0 80 32 ) 
4 24 29 (0 64 80 ) (0 64 32 ) (32 64 32 ) (32 64 80 ) 
4 25 34 (0 64 -128 ) (0 64 -16 ) (0 80 -16 ) (0 80 -128 ) 
4 25 30 (0 64 -16 ) (0 64 -128 ) (32 64 -128 ) (32 64 -16 ) 
4 26 52 (64 0 176 ) (0 0 176 ) (0 0 128 ) (64 0 128 ) 
4 26 49 (80 0 176 ) (64 0 176 ) (64 0 128 ) (80 0 128 ) 
4 26 45 (384 0 176 ) (80 0 176 ) (80 0 128 ) (384 0 128 ) 
4 26 39 (0 0 128 ) (0 0 176 ) (0 64 176 ) (0 64 128 ) 
4 26 27 (208 64 128 ) (384 64 128 ) (384 0 128 ) (208 0 128 ) 
4 27 46 (384 0 128 ) (208 0 128 ) (208 0 -16 ) (384 0 -16 ) 
4 27 30 (384 0 -16 ) (208 0 -16 ) (208 64 -16 ) (384 64 -16 ) 
4 28 47 (80 0 112 ) (80 0 0 ) (192 0 0 ) (192 0 112 ) 
4 29 53 (0 0 112 ) (0 0 0 ) (64 0 0 ) (64 0 112 ) 
4 29 40 (0 0 0 ) (0 0 112 ) (0 64 112 ) (0 64 0 ) 
4 30 58 (208 0 -16 ) (0 0 -16 ) (0 0 -128 ) (208 0 -128 ) 
4 30 57 (384 0 -16 ) (208 0 -16 ) (208 0 -128 ) (384 0 -128 ) 
4 30 41 (0 0 -128 ) (0 0 -16 ) (0 64 -16 ) (0 64 -128 ) 
4 31 35 (-32 272 -128 ) (-32 80 -128 ) (-32 80 176 ) (-32 272 176 ) 
4 31 34 (-32 80 -16 ) (-32 80 -128 ) (0 80 -128 ) (0 80 -16 ) 
4 31 32 (-32 80 176 ) (-32 80 128 ) (0 80 128 ) (0 80 176 ) 
4 31 33 (-32 80 80 ) (-32 80 32 ) (0 80 32 ) (0 80 80 ) 
4 32 39 (0 64 128 ) (0 64 176 ) (-32 64 176 ) (-32 64 128 ) 
4 32 36 (-32 64 128 ) (-32 64 176 ) (-32 80 176 ) (-32 80 128 ) 
4 33 40 (0 64 32 ) (0 64 80 ) (-32 64 80 ) (-32 64 32 ) 
4 34 41 (0 64 -128 ) (0 64 -16 ) (-32 64 -16 ) (-32 64 -128 ) 
4 34 37 (-32 80 -128 ) (-32 64 -128 ) (-32 64 -16 ) (-32 80 -16 ) 
4 35 36 (-80 80 176 ) (-80 80 128 ) (-32 80 128 ) (-32 80 176 ) 
4 35 37 (-80 80 -16 ) (-80 80 -128 ) (-32 80 -128 ) (-32 80 -16 ) 
4 35 38 (-80 272 176 ) (-80 272 -128 ) (-80 80 -128 ) (-80 80 176 ) 
4 36 42 (-64 64 176 ) (-80 64 176 ) (-80 64 128 ) (-64 64 128 ) 
4 36 39 (-32 64 176 ) (-64 64 176 ) (-64 64 128 ) (-32 64 128 ) 
4 36 38 (-80 64 128 ) (-80 64 176 ) (-80 80 176 ) (-80 80 128 ) 
4 37 43 (-80 64 -16 ) (-80 64 -128 ) (-64 64 -128 ) (-64 64 -16 ) 
4 37 41 (-64 64 -128 ) (-32 64 -128 ) (-32 64 -16 ) (-64 64 -16 ) 
4 37 38 (-80 80 -128 ) (-80 64 -128 ) (-80 64 -16 ) (-80 80 -16 ) 
4 38 44 (-80 64 176 ) (-112 64 176 ) (-112 64 -128 ) (-80 64 -128 ) 
4 39 75 (0 0 128 ) (0 0 176 ) (-64 0 176 ) (-64 0 128 ) 
4 39 42 (-64 64 176 ) (-64 64 128 ) (-64 0 128 ) (-64 0 176 ) 
4 40 76 (0 0 0 ) (0 0 112 ) (-64 0 112 ) (-64 0 0 ) 
4 41 83 (0 0 -128 ) (0 0 -16 ) (-64 0 -16 ) (-64 0 -128 ) 
4 41 43 (-64 64 -16 ) (-64 64 -128 ) (-64 0 -128 ) (-64 0 -16 ) 
4 42 75 (-64 0 128 ) (-64 0 176 ) (-80 0 176 ) (-80 0 128 ) 
4 42 44 (-80 0 128 ) (-80 0 176 ) (-80 64 176 ) (-80 64 128 ) 
4 43 83 (-80 0 -128 ) (-64 0 -128 ) (-64 0 -16 ) (-80 0 -16 ) 
4 43 44 (-80 64 -128 ) (-80 0 -128 ) (-80 0 -16 ) (-80 64 -16 ) 
4 44 85 (-112 0 -128 ) (-80 0 -128 ) (-80 0 -16 ) (-112 0 -16 ) 
4 44 77 (-80 0 -16 ) (-80 0 128 ) (-112 0 128 ) (-112 0 -16 ) 
4 44 75 (-80 0 128 ) (-80 0 176 ) (-112 0 176 ) (-112 0 128 ) 
4 45 60 (384 -256 176 ) (80 -256 176 ) (80 -256 128 ) (384 -256 128 ) 
4 45 49 (80 0 176 ) (80 0 128 ) (80 -256 128 ) (80 -256 176 ) 
4 45 46 (384 -256 128 ) (208 -256 128 ) (208 0 128 ) (384 0 128 ) 
4 46 61 (208 -256 0 ) (208 -256 -16 ) (384 -256 -16 ) (384 -256 0 ) 
4 46 60 (384 -256 128 ) (208 -256 128 ) (208 -256 0 ) (384 -256 0 ) 
4 46 57 (384 -256 -16 ) (208 -256 -16 ) (208 0 -16 ) (384 0 -16 ) 
4 47 51 (80 -128 0 ) (80 -176 0 ) (80 -176 96 ) (80 -128 96 ) 
4 47 50 (80 0 96 ) (80 0 0 ) (80 -48 0 ) (80 -48 96 ) 
4 47 48 (112 -240 96 ) (112 -240 0 ) (160 -240 0 ) (160 -240 96 ) 
4 48 60 (112 -256 96 ) (112 -256 0 ) (160 -256 0 ) (160 -256 96 ) 
4 49 60 (64 -256 176 ) (64 -256 128 ) (80 -256 128 ) (80 -256 176 ) 
4 49 52 (64 -256 128 ) (64 -256 176 ) (64 0 176 ) (64 0 128 ) 
4 50 53 (64 -48 0 ) (64 -48 96 ) (64 0 96 ) (64 0 0 ) 
4 51 56 (64 -176 0 ) (64 -176 96 ) (64 -128 96 ) (64 -128 0 ) 
4 52 75 (0 0 176 ) (0 0 128 ) (0 -256 128 ) (0 -256 176 ) 
4 52 60 (0 -256 176 ) (0 -256 128 ) (64 -256 128 ) (64 -256 176 ) 
4 53 76 (0 0 112 ) (0 0 0 ) (0 -64 0 ) (0 -64 112 ) 
4 53 54 (0 -64 96 ) (0 -64 0 ) (16 -64 0 ) (16 -64 96 ) 
4 54 78 (0 -80 0 ) (0 -80 96 ) (0 -64 96 ) (0 -64 0 ) 
4 54 56 (16 -80 0 ) (16 -80 96 ) (0 -80 96 ) (0 -80 0 ) 
4 55 80 (0 -240 112 ) (0 -240 128 ) (0 -80 128 ) (0 -80 112 ) 
4 56 81 (0 -240 0 ) (0 -240 112 ) (0 -80 112 ) (0 -80 0 ) 
4 57 72 (208 -256 -64 ) (208 -256 -128 ) (384 -256 -128 ) (384 -256 -64 ) 
4 57 61 (384 -256 -16 ) (208 -256 -16 ) (208 -256 -64 ) (384 -256 -64 ) 
4 57 59 (208 -240 -128 ) (208 -256 -128 ) (208 -256 -80 ) (208 -240 -80 ) 
4 57 58 (208 0 -128 ) (208 -240 -128 ) (208 -240 -16 ) (208 0 -16 ) 
4 58 83 (0 0 -16 ) (0 0 -128 ) (0 -240 -128 ) (0 -240 -16 ) 
4 58 59 (0 -240 -128 ) (208 -240 -128 ) (208 -240 -80 ) (0 -240 -80 ) 
4 59 84 (0 -240 -128 ) (0 -256 -128 ) (0 -256 -80 ) (0 -240 -80 ) 
4 59 73 (0 -256 -80 ) (0 -256 -128 ) (208 -256 -128 ) (208 -256 -80 ) 
4 60 86 (0 -656 176 ) (0 -256 176 ) (0 -256 0 ) (0 -656 0 ) 
4 60 71 (0 -656 0 ) (0 -624 0 ) (176 -624 0 ) (176 -656 0 ) 
4 60 68 (96 -304 0 ) (176 -304 0 ) (176 -320 0 ) (96 -320 0 ) 
4 60 69 (176 -320 0 ) (176 -608 0 ) (96 -608 0 ) (96 -320 0 ) 
4 60 70 (0 -608 0 ) (0 -304 0 ) (96 -304 0 ) (96 -608 0 ) 
4 60 66 (176 -288 0 ) (176 -304 0 ) (96 -304 0 ) (96 -288 0 ) 
4 60 65 (176 -272 0 ) (176 -288 0 ) (96 -288 0 ) (96 -272 0 ) 
4 60 67 (0 -304 0 ) (0 -256 0 ) (96 -256 0 ) (96 -304 0 ) 
4 60 63 (176 -256 0 ) (192 -256 0 ) (192 -608 0 ) (176 -608 0 ) 
4 60 64 (192 -624 0 ) (192 -656 0 ) (176 -656 0 ) (176 -624 0 ) 
4 60 62 (208 -624 0 ) (208 -656 0 ) (192 -656 0 ) (192 -624 0 ) 
4 60 61 (208 -256 0 ) (384 -256 0 ) (384 -656 0 ) (208 -656 0 ) 
4 61 72 (208 -256 -64 ) (384 -256 -64 ) (384 -656 -64 ) (208 -656 -64 ) 
4 61 62 (208 -624 -64 ) (208 -656 -64 ) (208 -656 0 ) (208 -624 0 ) 
4 62 74 (208 -624 -64 ) (208 -656 -64 ) (192 -656 -64 ) (192 -624 -64 ) 
4 62 64 (192 -624 -64 ) (192 -656 -64 ) (192 -656 0 ) (192 -624 0 ) 
4 63 68 (176 -320 -48 ) (176 -320 0 ) (176 -304 0 ) (176 -304 -48 ) 
4 63 69 (176 -320 -64 ) (176 -608 -64 ) (176 -608 0 ) (176 -320 0 ) 
4 63 66 (176 -304 -32 ) (176 -304 0 ) (176 -288 0 ) (176 -288 -32 ) 
4 63 65 (176 -288 -16 ) (176 -288 0 ) (176 -272 0 ) (176 -272 -16 ) 
4 64 74 (192 -624 -64 ) (192 -656 -64 ) (176 -656 -64 ) (176 -624 -64 ) 
4 64 71 (176 -624 -64 ) (176 -656 -64 ) (176 -656 0 ) (176 -624 0 ) 
4 65 66 (96 -288 0 ) (96 -288 -16 ) (176 -288 -16 ) (176 -288 0 ) 
4 65 67 (96 -288 -16 ) (96 -288 0 ) (96 -272 0 ) (96 -272 -16 ) 
4 66 68 (176 -304 -32 ) (176 -304 0 ) (96 -304 0 ) (96 -304 -32 ) 
4 66 67 (96 -304 -32 ) (96 -304 0 ) (96 -288 0 ) (96 -288 -32 ) 
4 67 87 (0 -304 0 ) (0 -256 0 ) (0 -256 -64 ) (0 -304 -64 ) 
4 67 70 (0 -304 -64 ) (96 -304 -64 ) (96 -304 0 ) (0 -304 0 ) 
4 68 69 (96 -320 0 ) (96 -320 -48 ) (176 -320 -48 ) (176 -320 0 ) 
4 68 70 (96 -304 0 ) (96 -304 -48 ) (96 -320 -48 ) (96 -320 0 ) 
4 69 70 (96 -320 -64 ) (96 -608 -64 ) (96 -608 0 ) (96 -320 0 ) 
4 70 87 (0 -608 0 ) (0 -304 0 ) (0 -304 -64 ) (0 -608 -64 ) 
4 71 91 (0 -656 0 ) (0 -624 0 ) (0 -624 -64 ) (0 -656 -64 ) 
4 71 74 (0 -656 -64 ) (0 -624 -64 ) (176 -624 -64 ) (176 -656 -64 ) 
4 72 73 (208 -256 -128 ) (208 -624 -128 ) (208 -624 -80 ) (208 -256 -80 ) 
4 72 74 (208 -624 -128 ) (208 -656 -128 ) (208 -656 -64 ) (208 -624 -64 ) 
4 73 89 (0 -256 -80 ) (0 -256 -128 ) (0 -624 -128 ) (0 -624 -80 ) 
4 73 74 (0 -624 -128 ) (208 -624 -128 ) (208 -624 -80 ) (0 -624 -80 ) 
4 74 91 (0 -656 -64 ) (0 -624 -64 ) (0 -624 -128 ) (0 -656 -128 ) 
4 75 86 (0 -256 128 ) (0 -256 176 ) (-112 -256 176 ) (-112 -256 128 ) 
4 75 82 (-80 -256 128 ) (-112 -256 128 ) (-112 -80 128 ) (-80 -80 128 ) 
4 75 79 (-112 -80 128 ) (-112 -64 128 ) (-80 -64 128 ) (-80 -80 128 ) 
4 75 77 (-112 -64 128 ) (-112 0 128 ) (-80 0 128 ) (-80 -64 128 ) 
4 76 78 (0 -64 0 ) (0 -64 96 ) (-32 -64 96 ) (-32 -64 0 ) 
4 77 85 (-112 0 -16 ) (-80 0 -16 ) (-80 -64 -16 ) (-112 -64 -16 ) 
4 77 79 (-112 -64 -16 ) (-80 -64 -16 ) (-80 -64 128 ) (-112 -64 128 ) 
4 78 81 (0 -80 0 ) (0 -80 96 ) (-32 -80 96 ) (-32 -80 0 ) 
4 79 85 (-112 -64 -16 ) (-80 -64 -16 ) (-80 -80 -16 ) (-112 -80 -16 ) 
4 79 82 (-112 -80 -16 ) (-80 -80 -16 ) (-80 -80 128 ) (-112 -80 128 ) 
4 82 88 (-112 -256 0 ) (-112 -256 -16 ) (-80 -256 -16 ) (-80 -256 0 ) 
4 82 86 (-80 -256 128 ) (-112 -256 128 ) (-112 -256 0 ) (-80 -256 0 ) 
4 82 85 (-80 -256 -16 ) (-112 -256 -16 ) (-112 -80 -16 ) (-80 -80 -16 ) 
4 83 84 (-80 -240 -80 ) (-80 -240 -128 ) (0 -240 -128 ) (0 -240 -80 ) 
4 83 85 (-80 0 -128 ) (-80 -240 -128 ) (-80 -240 -16 ) (-80 0 -16 ) 
4 84 89 (0 -256 -128 ) (0 -256 -80 ) (-80 -256 -80 ) (-80 -256 -128 ) 
4 84 85 (-80 -240 -128 ) (-80 -256 -128 ) (-80 -256 -80 ) (-80 -240 -80 ) 
4 85 90 (-112 -256 -64 ) (-112 -256 -128 ) (-80 -256 -128 ) (-80 -256 -64 ) 
4 85 88 (-80 -256 -16 ) (-112 -256 -16 ) (-112 -256 -64 ) (-80 -256 -64 ) 
4 86 91 (0 -624 0 ) (0 -656 0 ) (-112 -656 0 ) (-112 -624 0 ) 
4 86 88 (-112 -256 0 ) (-80 -256 0 ) (-80 -624 0 ) (-112 -624 0 ) 
4 86 87 (-64 -256 0 ) (0 -256 0 ) (0 -608 0 ) (-64 -608 0 ) 
4 88 91 (-80 -624 0 ) (-112 -624 0 ) (-112 -624 -64 ) (-80 -624 -64 ) 
4 88 90 (-80 -624 -64 ) (-112 -624 -64 ) (-112 -256 -64 ) (-80 -256 -64 ) 
4 89 91 (-80 -624 -128 ) (0 -624 -128 ) (0 -624 -80 ) (-80 -624 -80 ) 
4 89 90 (-80 -256 -128 ) (-80 -624 -128 ) (-80 -624 -80 ) (-80 -256 -80 ) 
4 90 91 (-112 -624 -128 ) (-80 -624 -128 ) (-80 -624 -64 ) (-112 -624 -64 ) 
